<?xml version="1.0" encoding="UTF-8"?>
<coverage generated="1662531209899" clover="3.2.0">
  <project timestamp="1662531209899" name="All files">
    <metrics statements="129" coveredstatements="115" conditionals="42" coveredconditionals="24" methods="47" coveredmethods="36" elements="218" coveredelements="175" complexity="0" loc="129" ncloc="129" packages="10" files="23" classes="23"/>
    <package name="assets.img">
      <metrics statements="1" coveredstatements="1" conditionals="0" coveredconditionals="0" methods="0" coveredmethods="0"/>
      <file name="paperbg.jpg" path="D:\Application\ITDP Sinarmas Mining\React Native\day-3\assets\img\paperbg.jpg">
        <metrics statements="1" coveredstatements="1" conditionals="0" coveredconditionals="0" methods="0" coveredmethods="0"/>
        <line num="1" count="4" type="stmt"/>
      </file>
    </package>
    <package name="src.features.Login">
      <metrics statements="22" coveredstatements="21" conditionals="10" coveredconditionals="9" methods="3" coveredmethods="3"/>
      <file name="LoginPage.js" path="D:\Application\ITDP Sinarmas Mining\React Native\day-3\src\features\Login\LoginPage.js">
        <metrics statements="4" coveredstatements="4" conditionals="4" coveredconditionals="4" methods="1" coveredmethods="1"/>
        <line num="12" count="2" type="stmt"/>
        <line num="13" count="9" type="stmt"/>
        <line num="15" count="9" type="stmt"/>
        <line num="41" count="2" type="stmt"/>
      </file>
      <file name="UseLoginPage.js" path="D:\Application\ITDP Sinarmas Mining\React Native\day-3\src\features\Login\UseLoginPage.js">
        <metrics statements="18" coveredstatements="17" conditionals="6" coveredconditionals="5" methods="2" coveredmethods="2"/>
        <line num="8" count="1" type="stmt"/>
        <line num="9" count="6" type="stmt"/>
        <line num="10" count="6" type="stmt"/>
        <line num="11" count="6" type="stmt"/>
        <line num="12" count="6" type="stmt"/>
        <line num="13" count="6" type="stmt"/>
        <line num="15" count="6" type="stmt"/>
        <line num="16" count="2" type="stmt"/>
        <line num="17" count="2" type="stmt"/>
        <line num="18" count="2" type="stmt"/>
        <line num="19" count="2" type="cond" truecount="4" falsecount="0"/>
        <line num="20" count="1" type="stmt"/>
        <line num="22" count="1" type="stmt"/>
        <line num="24" count="1" type="cond" truecount="1" falsecount="1"/>
        <line num="25" count="1" type="stmt"/>
        <line num="27" count="0" type="stmt"/>
        <line num="31" count="1" type="stmt"/>
        <line num="34" count="6" type="stmt"/>
      </file>
    </package>
    <package name="src.features.Welcome">
      <metrics statements="5" coveredstatements="4" conditionals="0" coveredconditionals="0" methods="2" coveredmethods="1"/>
      <file name="WelcomePage.js" path="D:\Application\ITDP Sinarmas Mining\React Native\day-3\src\features\Welcome\WelcomePage.js">
        <metrics statements="5" coveredstatements="4" conditionals="0" coveredconditionals="0" methods="2" coveredmethods="1"/>
        <line num="12" count="1" type="stmt"/>
        <line num="13" count="1" type="stmt"/>
        <line num="14" count="1" type="stmt"/>
        <line num="29" count="0" type="stmt"/>
        <line num="35" count="1" type="stmt"/>
      </file>
    </package>
    <package name="src.features.product">
      <metrics statements="15" coveredstatements="11" conditionals="4" coveredconditionals="0" methods="7" coveredmethods="4"/>
      <file name="ProductList.js" path="D:\Application\ITDP Sinarmas Mining\React Native\day-3\src\features\product\ProductList.js">
        <metrics statements="15" coveredstatements="11" conditionals="4" coveredconditionals="0" methods="7" coveredmethods="4"/>
        <line num="11" count="1" type="stmt"/>
        <line num="12" count="1" type="stmt"/>
        <line num="14" count="1" type="stmt"/>
        <line num="15" count="1" type="stmt"/>
        <line num="17" count="1" type="stmt"/>
        <line num="18" count="2" type="stmt"/>
        <line num="19" count="0" type="stmt"/>
        <line num="23" count="1" type="stmt"/>
        <line num="24" count="4" type="stmt"/>
        <line num="27" count="1" type="stmt"/>
        <line num="28" count="0" type="cond" truecount="0" falsecount="4"/>
        <line num="29" count="0" type="stmt"/>
        <line num="31" count="0" type="stmt"/>
        <line num="34" count="1" type="stmt"/>
        <line num="42" count="2" type="stmt"/>
      </file>
    </package>
    <package name="src.features.product.components">
      <metrics statements="9" coveredstatements="9" conditionals="0" coveredconditionals="0" methods="4" coveredmethods="4"/>
      <file name="ProductItem.js" path="D:\Application\ITDP Sinarmas Mining\React Native\day-3\src\features\product\components\ProductItem.js">
        <metrics statements="9" coveredstatements="9" conditionals="0" coveredconditionals="0" methods="4" coveredmethods="4"/>
        <line num="7" count="1" type="stmt"/>
        <line num="8" count="2" type="stmt"/>
        <line num="9" count="2" type="stmt"/>
        <line num="10" count="2" type="stmt"/>
        <line num="11" count="2" type="stmt"/>
        <line num="15" count="2" type="stmt"/>
        <line num="23" count="2" type="stmt"/>
        <line num="27" count="4" type="stmt"/>
        <line num="35" count="2" type="stmt"/>
      </file>
    </package>
    <package name="src.shared">
      <metrics statements="2" coveredstatements="2" conditionals="0" coveredconditionals="0" methods="0" coveredmethods="0"/>
      <file name="Theme.js" path="D:\Application\ITDP Sinarmas Mining\React Native\day-3\src\shared\Theme.js">
        <metrics statements="2" coveredstatements="2" conditionals="0" coveredconditionals="0" methods="0" coveredmethods="0"/>
        <line num="1" count="4" type="stmt"/>
        <line num="8" count="4" type="stmt"/>
      </file>
    </package>
    <package name="src.shared.components">
      <metrics statements="47" coveredstatements="43" conditionals="15" coveredconditionals="8" methods="18" coveredmethods="15"/>
      <file name="AppBackground.js" path="D:\Application\ITDP Sinarmas Mining\React Native\day-3\src\shared\components\AppBackground.js">
        <metrics statements="4" coveredstatements="4" conditionals="0" coveredconditionals="0" methods="1" coveredmethods="1"/>
        <line num="5" count="2" type="stmt"/>
        <line num="6" count="2" type="stmt"/>
        <line num="8" count="2" type="stmt"/>
        <line num="15" count="2" type="stmt"/>
      </file>
      <file name="Avatar.js" path="D:\Application\ITDP Sinarmas Mining\React Native\day-3\src\shared\components\Avatar.js">
        <metrics statements="5" coveredstatements="2" conditionals="1" coveredconditionals="0" methods="2" coveredmethods="0"/>
        <line num="5" count="1" type="cond" truecount="0" falsecount="1"/>
        <line num="6" count="0" type="stmt"/>
        <line num="7" count="0" type="stmt"/>
        <line num="8" count="0" type="stmt"/>
        <line num="13" count="1" type="stmt"/>
      </file>
      <file name="FormButton.js" path="D:\Application\ITDP Sinarmas Mining\React Native\day-3\src\shared\components\FormButton.js">
        <metrics statements="5" coveredstatements="5" conditionals="0" coveredconditionals="0" methods="2" coveredmethods="2"/>
        <line num="4" count="3" type="stmt"/>
        <line num="5" count="10" type="stmt"/>
        <line num="6" count="10" type="stmt"/>
        <line num="7" count="10" type="stmt"/>
        <line num="14" count="10" type="stmt"/>
      </file>
      <file name="FormInput.js" path="D:\Application\ITDP Sinarmas Mining\React Native\day-3\src\shared\components\FormInput.js">
        <metrics statements="5" coveredstatements="5" conditionals="2" coveredconditionals="1" methods="2" coveredmethods="2"/>
        <line num="4" count="2" type="cond" truecount="1" falsecount="1"/>
        <line num="5" count="9" type="stmt"/>
        <line num="6" count="9" type="stmt"/>
        <line num="7" count="9" type="stmt"/>
        <line num="17" count="9" type="stmt"/>
      </file>
      <file name="FormPassword.js" path="D:\Application\ITDP Sinarmas Mining\React Native\day-3\src\shared\components\FormPassword.js">
        <metrics statements="7" coveredstatements="6" conditionals="3" coveredconditionals="1" methods="3" coveredmethods="2"/>
        <line num="6" count="2" type="cond" truecount="0" falsecount="1"/>
        <line num="7" count="9" type="stmt"/>
        <line num="8" count="9" type="stmt"/>
        <line num="9" count="9" type="stmt"/>
        <line num="11" count="9" type="stmt"/>
        <line num="19" count="0" type="stmt"/>
        <line num="26" count="9" type="stmt"/>
      </file>
      <file name="HeaderPageLabel.js" path="D:\Application\ITDP Sinarmas Mining\React Native\day-3\src\shared\components\HeaderPageLabel.js">
        <metrics statements="5" coveredstatements="5" conditionals="4" coveredconditionals="2" methods="2" coveredmethods="2"/>
        <line num="5" count="1" type="cond" truecount="1" falsecount="1"/>
        <line num="6" count="1" type="stmt"/>
        <line num="7" count="1" type="stmt"/>
        <line num="8" count="1" type="stmt"/>
        <line num="16" count="1" type="stmt"/>
      </file>
      <file name="MainContainer.js" path="D:\Application\ITDP Sinarmas Mining\React Native\day-3\src\shared\components\MainContainer.js">
        <metrics statements="3" coveredstatements="3" conditionals="1" coveredconditionals="1" methods="1" coveredmethods="1"/>
        <line num="5" count="4" type="cond" truecount="1" falsecount="0"/>
        <line num="6" count="11" type="stmt"/>
        <line num="16" count="4" type="stmt"/>
      </file>
      <file name="SnackBar.js" path="D:\Application\ITDP Sinarmas Mining\React Native\day-3\src\shared\components\SnackBar.js">
        <metrics statements="5" coveredstatements="5" conditionals="0" coveredconditionals="0" methods="2" coveredmethods="2"/>
        <line num="4" count="2" type="stmt"/>
        <line num="5" count="2" type="stmt"/>
        <line num="6" count="2" type="stmt"/>
        <line num="7" count="2" type="stmt"/>
        <line num="14" count="2" type="stmt"/>
      </file>
      <file name="Spinner.js" path="D:\Application\ITDP Sinarmas Mining\React Native\day-3\src\shared\components\Spinner.js">
        <metrics statements="5" coveredstatements="5" conditionals="1" coveredconditionals="0" methods="2" coveredmethods="2"/>
        <line num="5" count="2" type="cond" truecount="0" falsecount="1"/>
        <line num="6" count="2" type="stmt"/>
        <line num="7" count="2" type="stmt"/>
        <line num="8" count="2" type="stmt"/>
        <line num="20" count="2" type="stmt"/>
      </file>
      <file name="TitleLabel.js" path="D:\Application\ITDP Sinarmas Mining\React Native\day-3\src\shared\components\TitleLabel.js">
        <metrics statements="3" coveredstatements="3" conditionals="3" coveredconditionals="3" methods="1" coveredmethods="1"/>
        <line num="5" count="1" type="cond" truecount="1" falsecount="0"/>
        <line num="6" count="2" type="stmt"/>
        <line num="7" count="2" type="stmt"/>
      </file>
    </package>
    <package name="src.shared.context">
      <metrics statements="7" coveredstatements="6" conditionals="0" coveredconditionals="0" methods="3" coveredmethods="2"/>
      <file name="DependencyContext.js" path="D:\Application\ITDP Sinarmas Mining\React Native\day-3\src\shared\context\DependencyContext.js">
        <metrics statements="2" coveredstatements="1" conditionals="0" coveredconditionals="0" methods="1" coveredmethods="0"/>
        <line num="3" count="1" type="stmt"/>
        <line num="5" count="0" type="stmt"/>
      </file>
      <file name="ThemeContext.js" path="D:\Application\ITDP Sinarmas Mining\React Native\day-3\src\shared\context\ThemeContext.js">
        <metrics statements="5" coveredstatements="5" conditionals="0" coveredconditionals="0" methods="2" coveredmethods="2"/>
        <line num="4" count="4" type="stmt"/>
        <line num="5" count="4" type="stmt"/>
        <line num="6" count="7" type="stmt"/>
        <line num="13" count="4" type="stmt"/>
        <line num="14" count="40" type="stmt"/>
      </file>
    </package>
    <package name="src.shared.hook">
      <metrics statements="17" coveredstatements="14" conditionals="12" coveredconditionals="6" methods="8" coveredmethods="5"/>
      <file name="UseDependency.js" path="D:\Application\ITDP Sinarmas Mining\React Native\day-3\src\shared\hook\UseDependency.js">
        <metrics statements="1" coveredstatements="0" conditionals="0" coveredconditionals="0" methods="1" coveredmethods="0"/>
        <line num="5" count="0" type="stmt"/>
      </file>
      <file name="UseViewState.js" path="D:\Application\ITDP Sinarmas Mining\React Native\day-3\src\shared\hook\UseViewState.js">
        <metrics statements="12" coveredstatements="10" conditionals="12" coveredconditionals="6" methods="7" coveredmethods="5"/>
        <line num="3" count="1" type="stmt"/>
        <line num="4" count="6" type="stmt"/>
        <line num="6" count="6" type="cond" truecount="2" falsecount="0"/>
        <line num="7" count="2" type="stmt"/>
        <line num="8" count="2" type="cond" truecount="2" falsecount="2"/>
        <line num="12" count="6" type="cond" truecount="0" falsecount="1"/>
        <line num="13" count="0" type="stmt"/>
        <line num="14" count="0" type="cond" truecount="0" falsecount="2"/>
        <line num="18" count="6" type="cond" truecount="1" falsecount="0"/>
        <line num="19" count="1" type="stmt"/>
        <line num="20" count="1" type="cond" truecount="1" falsecount="1"/>
        <line num="24" count="6" type="stmt"/>
      </file>
      <file name="constant.js" path="D:\Application\ITDP Sinarmas Mining\React Native\day-3\src\shared\hook\constant.js">
        <metrics statements="4" coveredstatements="4" conditionals="0" coveredconditionals="0" methods="0" coveredmethods="0"/>
        <line num="1" count="2" type="stmt"/>
        <line num="10" count="2" type="stmt"/>
        <line num="16" count="2" type="stmt"/>
        <line num="20" count="2" type="stmt"/>
      </file>
    </package>
    <package name="src.testHelper">
      <metrics statements="4" coveredstatements="4" conditionals="1" coveredconditionals="1" methods="2" coveredmethods="2"/>
      <file name="CustomRender.js" path="D:\Application\ITDP Sinarmas Mining\React Native\day-3\src\testHelper\CustomRender.js">
        <metrics statements="4" coveredstatements="4" conditionals="1" coveredconditionals="1" methods="2" coveredmethods="2"/>
        <line num="5" count="4" type="cond" truecount="1" falsecount="0"/>
        <line num="6" count="7" type="stmt"/>
        <line num="7" count="7" type="stmt"/>
        <line num="15" count="7" type="stmt"/>
      </file>
    </package>
  </project>
</coverage>
