{"D:\\Application\\ITDP Sinarmas Mining\\React Native\\day-3\\assets\\img\\paperbg.jpg": {"path":"D:\\Application\\ITDP Sinarmas Mining\\React Native\\day-3\\assets\\img\\paperbg.jpg","statementMap":{"0":{"start":{"line":1,"column":0},"end":{"line":1,"column":19}}},"fnMap":{},"branchMap":{},"s":{"0":4},"f":{},"b":{},"_coverageSchema":"1a1c01bbd47fc00a2c39e90264f33305004495a9","hash":"77597fb0a99434a54ae2a253ad6662ff4f084089"}
,"D:\\Application\\ITDP Sinarmas Mining\\React Native\\day-3\\src\\features\\Login\\LoginPage.js": {"path":"D:\\Application\\ITDP Sinarmas Mining\\React Native\\day-3\\src\\features\\Login\\LoginPage.js","statementMap":{"0":{"start":{"line":12,"column":18},"end":{"line":39,"column":1}},"1":{"start":{"line":13,"column":96},"end":{"line":13,"column":110}},"2":{"start":{"line":15,"column":4},"end":{"line":38,"column":5}},"3":{"start":{"line":41,"column":15},"end":{"line":88,"column":4}}},"fnMap":{"0":{"name":"(anonymous_0)","decl":{"start":{"line":12,"column":18},"end":{"line":12,"column":19}},"loc":{"start":{"line":12,"column":24},"end":{"line":39,"column":1}},"line":12}},"branchMap":{"0":{"loc":{"start":{"line":17,"column":13},"end":{"line":17,"column":66}},"type":"binary-expr","locations":[{"start":{"line":17,"column":13},"end":{"line":17,"column":32}},{"start":{"line":17,"column":36},"end":{"line":17,"column":66}}],"line":17},"1":{"loc":{"start":{"line":35,"column":17},"end":{"line":35,"column":90}},"type":"binary-expr","locations":[{"start":{"line":35,"column":17},"end":{"line":35,"column":41}},{"start":{"line":35,"column":45},"end":{"line":35,"column":90}}],"line":35}},"s":{"0":2,"1":9,"2":9,"3":2},"f":{"0":9},"b":{"0":[9,2],"1":[9,2]},"_coverageSchema":"1a1c01bbd47fc00a2c39e90264f33305004495a9","hash":"1577e22bf12487165130f5b1db8259be52f4a913"}
,"D:\\Application\\ITDP Sinarmas Mining\\React Native\\day-3\\src\\features\\Login\\UseLoginPage.js": {"path":"D:\\Application\\ITDP Sinarmas Mining\\React Native\\day-3\\src\\features\\Login\\UseLoginPage.js","statementMap":{"0":{"start":{"line":8,"column":21},"end":{"line":35,"column":1}},"1":{"start":{"line":9,"column":23},"end":{"line":9,"column":38}},"2":{"start":{"line":10,"column":41},"end":{"line":10,"column":53}},"3":{"start":{"line":11,"column":41},"end":{"line":11,"column":53}},"4":{"start":{"line":12,"column":46},"end":{"line":12,"column":60}},"5":{"start":{"line":13,"column":22},"end":{"line":13,"column":31}},"6":{"start":{"line":15,"column":27},"end":{"line":33,"column":5}},"7":{"start":{"line":16,"column":8},"end":{"line":16,"column":27}},"8":{"start":{"line":17,"column":8},"end":{"line":17,"column":21}},"9":{"start":{"line":18,"column":8},"end":{"line":32,"column":9}},"10":{"start":{"line":19,"column":12},"end":{"line":29,"column":13}},"11":{"start":{"line":20,"column":16},"end":{"line":20,"column":76}},"12":{"start":{"line":22,"column":33},"end":{"line":22,"column":88}},"13":{"start":{"line":24,"column":16},"end":{"line":28,"column":17}},"14":{"start":{"line":25,"column":20},"end":{"line":25,"column":50}},"15":{"start":{"line":27,"column":20},"end":{"line":27,"column":56}},"16":{"start":{"line":31,"column":12},"end":{"line":31,"column":27}},"17":{"start":{"line":34,"column":4},"end":{"line":34,"column":94}}},"fnMap":{"0":{"name":"(anonymous_0)","decl":{"start":{"line":8,"column":21},"end":{"line":8,"column":22}},"loc":{"start":{"line":8,"column":27},"end":{"line":35,"column":1}},"line":8},"1":{"name":"(anonymous_1)","decl":{"start":{"line":15,"column":27},"end":{"line":15,"column":28}},"loc":{"start":{"line":15,"column":39},"end":{"line":33,"column":5}},"line":15}},"branchMap":{"0":{"loc":{"start":{"line":19,"column":12},"end":{"line":29,"column":13}},"type":"if","locations":[{"start":{"line":19,"column":12},"end":{"line":29,"column":13}},{"start":{"line":21,"column":19},"end":{"line":29,"column":13}}],"line":19},"1":{"loc":{"start":{"line":19,"column":16},"end":{"line":19,"column":50}},"type":"binary-expr","locations":[{"start":{"line":19,"column":16},"end":{"line":19,"column":31}},{"start":{"line":19,"column":35},"end":{"line":19,"column":50}}],"line":19},"2":{"loc":{"start":{"line":24,"column":16},"end":{"line":28,"column":17}},"type":"if","locations":[{"start":{"line":24,"column":16},"end":{"line":28,"column":17}},{"start":{"line":26,"column":23},"end":{"line":28,"column":17}}],"line":24}},"s":{"0":1,"1":6,"2":6,"3":6,"4":6,"5":6,"6":6,"7":2,"8":2,"9":2,"10":2,"11":1,"12":1,"13":1,"14":1,"15":0,"16":1,"17":6},"f":{"0":6,"1":2},"b":{"0":[1,1],"1":[2,1],"2":[1,0]},"_coverageSchema":"1a1c01bbd47fc00a2c39e90264f33305004495a9","hash":"6e33772468c38ffb1ad7f06851420d5c4c96e1b3"}
,"D:\\Application\\ITDP Sinarmas Mining\\React Native\\day-3\\src\\features\\Welcome\\WelcomePage.js": {"path":"D:\\Application\\ITDP Sinarmas Mining\\React Native\\day-3\\src\\features\\Welcome\\WelcomePage.js","statementMap":{"0":{"start":{"line":12,"column":20},"end":{"line":33,"column":1}},"1":{"start":{"line":13,"column":23},"end":{"line":13,"column":38}},"2":{"start":{"line":14,"column":4},"end":{"line":32,"column":5}},"3":{"start":{"line":29,"column":58},"end":{"line":29,"column":89}},"4":{"start":{"line":35,"column":15},"end":{"line":78,"column":4}}},"fnMap":{"0":{"name":"(anonymous_0)","decl":{"start":{"line":12,"column":20},"end":{"line":12,"column":21}},"loc":{"start":{"line":12,"column":26},"end":{"line":33,"column":1}},"line":12},"1":{"name":"(anonymous_1)","decl":{"start":{"line":29,"column":53},"end":{"line":29,"column":54}},"loc":{"start":{"line":29,"column":57},"end":{"line":29,"column":90}},"line":29}},"branchMap":{},"s":{"0":1,"1":1,"2":1,"3":0,"4":1},"f":{"0":1,"1":0},"b":{},"_coverageSchema":"1a1c01bbd47fc00a2c39e90264f33305004495a9","hash":"34068257ebaec60126ba182993acbfe32d0ad50f"}
,"D:\\Application\\ITDP Sinarmas Mining\\React Native\\day-3\\src\\features\\product\\ProductList.js": {"path":"D:\\Application\\ITDP Sinarmas Mining\\React Native\\day-3\\src\\features\\product\\ProductList.js","statementMap":{"0":{"start":{"line":11,"column":20},"end":{"line":51,"column":1}},"1":{"start":{"line":12,"column":18},"end":{"line":12,"column":28}},"2":{"start":{"line":14,"column":16},"end":{"line":14,"column":18}},"3":{"start":{"line":15,"column":62},"end":{"line":15,"column":78}},"4":{"start":{"line":17,"column":23},"end":{"line":21,"column":5}},"5":{"start":{"line":18,"column":8},"end":{"line":20,"column":10}},"6":{"start":{"line":18,"column":80},"end":{"line":18,"column":99}},"7":{"start":{"line":19,"column":37},"end":{"line":19,"column":52}},"8":{"start":{"line":23,"column":20},"end":{"line":25,"column":5}},"9":{"start":{"line":24,"column":8},"end":{"line":24,"column":24}},"10":{"start":{"line":27,"column":21},"end":{"line":32,"column":5}},"11":{"start":{"line":28,"column":8},"end":{"line":30,"column":9}},"12":{"start":{"line":29,"column":12},"end":{"line":29,"column":34}},"13":{"start":{"line":31,"column":8},"end":{"line":31,"column":35}},"14":{"start":{"line":34,"column":4},"end":{"line":50,"column":6}},"15":{"start":{"line":42,"column":46},"end":{"line":42,"column":53}}},"fnMap":{"0":{"name":"(anonymous_0)","decl":{"start":{"line":11,"column":20},"end":{"line":11,"column":21}},"loc":{"start":{"line":11,"column":26},"end":{"line":51,"column":1}},"line":11},"1":{"name":"(anonymous_1)","decl":{"start":{"line":17,"column":23},"end":{"line":17,"column":24}},"loc":{"start":{"line":17,"column":42},"end":{"line":21,"column":5}},"line":17},"2":{"name":"(anonymous_2)","decl":{"start":{"line":18,"column":74},"end":{"line":18,"column":75}},"loc":{"start":{"line":18,"column":80},"end":{"line":18,"column":99}},"line":18},"3":{"name":"(anonymous_3)","decl":{"start":{"line":19,"column":31},"end":{"line":19,"column":32}},"loc":{"start":{"line":19,"column":37},"end":{"line":19,"column":52}},"line":19},"4":{"name":"(anonymous_4)","decl":{"start":{"line":23,"column":20},"end":{"line":23,"column":21}},"loc":{"start":{"line":23,"column":36},"end":{"line":25,"column":5}},"line":23},"5":{"name":"(anonymous_5)","decl":{"start":{"line":27,"column":21},"end":{"line":27,"column":22}},"loc":{"start":{"line":27,"column":32},"end":{"line":32,"column":5}},"line":27},"6":{"name":"(anonymous_6)","decl":{"start":{"line":42,"column":38},"end":{"line":42,"column":39}},"loc":{"start":{"line":42,"column":46},"end":{"line":42,"column":53}},"line":42}},"branchMap":{"0":{"loc":{"start":{"line":28,"column":8},"end":{"line":30,"column":9}},"type":"if","locations":[{"start":{"line":28,"column":8},"end":{"line":30,"column":9}},{"start":{},"end":{}}],"line":28},"1":{"loc":{"start":{"line":28,"column":12},"end":{"line":28,"column":57}},"type":"binary-expr","locations":[{"start":{"line":28,"column":12},"end":{"line":28,"column":25}},{"start":{"line":28,"column":29},"end":{"line":28,"column":57}}],"line":28}},"s":{"0":1,"1":1,"2":1,"3":1,"4":1,"5":2,"6":0,"7":0,"8":1,"9":4,"10":1,"11":0,"12":0,"13":0,"14":1,"15":2},"f":{"0":1,"1":2,"2":0,"3":0,"4":4,"5":0,"6":2},"b":{"0":[0,0],"1":[0,0]},"_coverageSchema":"1a1c01bbd47fc00a2c39e90264f33305004495a9","hash":"7abe3d31affa0900f31c6e192f53e1c7638754ab"}
,"D:\\Application\\ITDP Sinarmas Mining\\React Native\\day-3\\src\\features\\product\\components\\ProductItem.js": {"path":"D:\\Application\\ITDP Sinarmas Mining\\React Native\\day-3\\src\\features\\product\\components\\ProductItem.js","statementMap":{"0":{"start":{"line":7,"column":13},"end":{"line":34,"column":1}},"1":{"start":{"line":8,"column":18},"end":{"line":8,"column":28}},"2":{"start":{"line":9,"column":19},"end":{"line":9,"column":33}},"3":{"start":{"line":10,"column":22},"end":{"line":22,"column":5}},"4":{"start":{"line":11,"column":22},"end":{"line":14,"column":10}},"5":{"start":{"line":15,"column":8},"end":{"line":21,"column":10}},"6":{"start":{"line":23,"column":4},"end":{"line":33,"column":5}},"7":{"start":{"line":27,"column":28},"end":{"line":27,"column":44}},"8":{"start":{"line":35,"column":16},"end":{"line":55,"column":2}},"9":{"start":{"line":35,"column":27},"end":{"line":55,"column":2}}},"fnMap":{"0":{"name":"(anonymous_0)","decl":{"start":{"line":7,"column":13},"end":{"line":7,"column":14}},"loc":{"start":{"line":7,"column":64},"end":{"line":34,"column":1}},"line":7},"1":{"name":"(anonymous_1)","decl":{"start":{"line":10,"column":22},"end":{"line":10,"column":23}},"loc":{"start":{"line":10,"column":43},"end":{"line":22,"column":5}},"line":10},"2":{"name":"(anonymous_2)","decl":{"start":{"line":27,"column":21},"end":{"line":27,"column":22}},"loc":{"start":{"line":27,"column":28},"end":{"line":27,"column":44}},"line":27},"3":{"name":"(anonymous_3)","decl":{"start":{"line":35,"column":16},"end":{"line":35,"column":17}},"loc":{"start":{"line":35,"column":27},"end":{"line":55,"column":2}},"line":35}},"branchMap":{},"s":{"0":1,"1":2,"2":2,"3":2,"4":2,"5":2,"6":2,"7":4,"8":1,"9":2},"f":{"0":2,"1":2,"2":4,"3":2},"b":{},"_coverageSchema":"1a1c01bbd47fc00a2c39e90264f33305004495a9","hash":"78a9e579bd09b7568aceab346538e2c21bb3048f"}
,"D:\\Application\\ITDP Sinarmas Mining\\React Native\\day-3\\src\\shared\\Theme.js": {"path":"D:\\Application\\ITDP Sinarmas Mining\\React Native\\day-3\\src\\shared\\Theme.js","statementMap":{"0":{"start":{"line":1,"column":16},"end":{"line":6,"column":1}},"1":{"start":{"line":8,"column":21},"end":{"line":48,"column":1}}},"fnMap":{},"branchMap":{},"s":{"0":4,"1":4},"f":{},"b":{},"_coverageSchema":"1a1c01bbd47fc00a2c39e90264f33305004495a9","hash":"33c68fd552b1513ec34ef2da722770eca78ad128"}
,"D:\\Application\\ITDP Sinarmas Mining\\React Native\\day-3\\src\\shared\\components\\AppBackground.js": {"path":"D:\\Application\\ITDP Sinarmas Mining\\React Native\\day-3\\src\\shared\\components\\AppBackground.js","statementMap":{"0":{"start":{"line":5,"column":22},"end":{"line":13,"column":1}},"1":{"start":{"line":6,"column":14},"end":{"line":6,"column":24}},"2":{"start":{"line":8,"column":0},"end":{"line":12,"column":1}},"3":{"start":{"line":15,"column":15},"end":{"line":25,"column":2}}},"fnMap":{"0":{"name":"(anonymous_0)","decl":{"start":{"line":5,"column":22},"end":{"line":5,"column":23}},"loc":{"start":{"line":5,"column":45},"end":{"line":13,"column":1}},"line":5}},"branchMap":{},"s":{"0":2,"1":2,"2":2,"3":2},"f":{"0":2},"b":{},"_coverageSchema":"1a1c01bbd47fc00a2c39e90264f33305004495a9","hash":"18bfaf8911599a5b415780107e026c45ec75a49a"}
,"D:\\Application\\ITDP Sinarmas Mining\\React Native\\day-3\\src\\shared\\components\\Avatar.js": {"path":"D:\\Application\\ITDP Sinarmas Mining\\React Native\\day-3\\src\\shared\\components\\Avatar.js","statementMap":{"0":{"start":{"line":5,"column":15},"end":{"line":11,"column":1}},"1":{"start":{"line":6,"column":18},"end":{"line":6,"column":28}},"2":{"start":{"line":7,"column":19},"end":{"line":7,"column":33}},"3":{"start":{"line":8,"column":4},"end":{"line":10,"column":5}},"4":{"start":{"line":13,"column":16},"end":{"line":20,"column":2}},"5":{"start":{"line":13,"column":27},"end":{"line":20,"column":2}}},"fnMap":{"0":{"name":"(anonymous_0)","decl":{"start":{"line":5,"column":15},"end":{"line":5,"column":16}},"loc":{"start":{"line":5,"column":34},"end":{"line":11,"column":1}},"line":5},"1":{"name":"(anonymous_1)","decl":{"start":{"line":13,"column":16},"end":{"line":13,"column":17}},"loc":{"start":{"line":13,"column":27},"end":{"line":20,"column":2}},"line":13}},"branchMap":{"0":{"loc":{"start":{"line":5,"column":17},"end":{"line":5,"column":28}},"type":"default-arg","locations":[{"start":{"line":5,"column":26},"end":{"line":5,"column":28}}],"line":5}},"s":{"0":1,"1":0,"2":0,"3":0,"4":1,"5":0},"f":{"0":0,"1":0},"b":{"0":[0]},"_coverageSchema":"1a1c01bbd47fc00a2c39e90264f33305004495a9","hash":"e651a0d80ab78a75a6fcf816de2ec360db6bb0b0"}
,"D:\\Application\\ITDP Sinarmas Mining\\React Native\\day-3\\src\\shared\\components\\FormButton.js": {"path":"D:\\Application\\ITDP Sinarmas Mining\\React Native\\day-3\\src\\shared\\components\\FormButton.js","statementMap":{"0":{"start":{"line":4,"column":19},"end":{"line":12,"column":1}},"1":{"start":{"line":5,"column":18},"end":{"line":5,"column":28}},"2":{"start":{"line":6,"column":18},"end":{"line":6,"column":32}},"3":{"start":{"line":7,"column":4},"end":{"line":11,"column":5}},"4":{"start":{"line":14,"column":16},"end":{"line":26,"column":3}},"5":{"start":{"line":14,"column":28},"end":{"line":26,"column":2}}},"fnMap":{"0":{"name":"(anonymous_0)","decl":{"start":{"line":4,"column":19},"end":{"line":4,"column":20}},"loc":{"start":{"line":4,"column":41},"end":{"line":12,"column":1}},"line":4},"1":{"name":"(anonymous_1)","decl":{"start":{"line":14,"column":16},"end":{"line":14,"column":17}},"loc":{"start":{"line":14,"column":28},"end":{"line":26,"column":2}},"line":14}},"branchMap":{},"s":{"0":3,"1":10,"2":10,"3":10,"4":3,"5":10},"f":{"0":10,"1":10},"b":{},"_coverageSchema":"1a1c01bbd47fc00a2c39e90264f33305004495a9","hash":"7cc246419370f6b2ad25b6e2b51d3633d7a45caf"}
,"D:\\Application\\ITDP Sinarmas Mining\\React Native\\day-3\\src\\shared\\components\\FormInput.js": {"path":"D:\\Application\\ITDP Sinarmas Mining\\React Native\\day-3\\src\\shared\\components\\FormInput.js","statementMap":{"0":{"start":{"line":4,"column":18},"end":{"line":15,"column":1}},"1":{"start":{"line":5,"column":18},"end":{"line":5,"column":28}},"2":{"start":{"line":6,"column":18},"end":{"line":6,"column":32}},"3":{"start":{"line":7,"column":4},"end":{"line":14,"column":5}},"4":{"start":{"line":17,"column":16},"end":{"line":29,"column":3}},"5":{"start":{"line":17,"column":28},"end":{"line":29,"column":2}}},"fnMap":{"0":{"name":"(anonymous_0)","decl":{"start":{"line":4,"column":18},"end":{"line":4,"column":19}},"loc":{"start":{"line":4,"column":86},"end":{"line":15,"column":1}},"line":4},"1":{"name":"(anonymous_1)","decl":{"start":{"line":17,"column":16},"end":{"line":17,"column":17}},"loc":{"start":{"line":17,"column":28},"end":{"line":29,"column":2}},"line":17}},"branchMap":{"0":{"loc":{"start":{"line":4,"column":42},"end":{"line":4,"column":58}},"type":"default-arg","locations":[{"start":{"line":4,"column":56},"end":{"line":4,"column":58}}],"line":4},"1":{"loc":{"start":{"line":4,"column":60},"end":{"line":4,"column":80}},"type":"default-arg","locations":[{"start":{"line":4,"column":71},"end":{"line":4,"column":80}}],"line":4}},"s":{"0":2,"1":9,"2":9,"3":9,"4":2,"5":9},"f":{"0":9,"1":9},"b":{"0":[0],"1":[9]},"_coverageSchema":"1a1c01bbd47fc00a2c39e90264f33305004495a9","hash":"def844dd135e8fded93a3b7ed1d53bbbf79440c6"}
,"D:\\Application\\ITDP Sinarmas Mining\\React Native\\day-3\\src\\shared\\components\\FormPassword.js": {"path":"D:\\Application\\ITDP Sinarmas Mining\\React Native\\day-3\\src\\shared\\components\\FormPassword.js","statementMap":{"0":{"start":{"line":6,"column":21},"end":{"line":24,"column":1}},"1":{"start":{"line":7,"column":18},"end":{"line":7,"column":28}},"2":{"start":{"line":8,"column":19},"end":{"line":8,"column":33}},"3":{"start":{"line":9,"column":36},"end":{"line":9,"column":50}},"4":{"start":{"line":11,"column":4},"end":{"line":23,"column":5}},"5":{"start":{"line":19,"column":38},"end":{"line":19,"column":60}},"6":{"start":{"line":26,"column":16},"end":{"line":44,"column":2}},"7":{"start":{"line":26,"column":27},"end":{"line":44,"column":2}}},"fnMap":{"0":{"name":"(anonymous_0)","decl":{"start":{"line":6,"column":21},"end":{"line":6,"column":22}},"loc":{"start":{"line":6,"column":67},"end":{"line":24,"column":1}},"line":6},"1":{"name":"(anonymous_1)","decl":{"start":{"line":19,"column":32},"end":{"line":19,"column":33}},"loc":{"start":{"line":19,"column":38},"end":{"line":19,"column":60}},"line":19},"2":{"name":"(anonymous_2)","decl":{"start":{"line":26,"column":16},"end":{"line":26,"column":17}},"loc":{"start":{"line":26,"column":27},"end":{"line":44,"column":2}},"line":26}},"branchMap":{"0":{"loc":{"start":{"line":6,"column":45},"end":{"line":6,"column":61}},"type":"default-arg","locations":[{"start":{"line":6,"column":59},"end":{"line":6,"column":61}}],"line":6},"1":{"loc":{"start":{"line":20,"column":30},"end":{"line":20,"column":64}},"type":"cond-expr","locations":[{"start":{"line":20,"column":41},"end":{"line":20,"column":56}},{"start":{"line":20,"column":59},"end":{"line":20,"column":64}}],"line":20}},"s":{"0":2,"1":9,"2":9,"3":9,"4":9,"5":0,"6":2,"7":9},"f":{"0":9,"1":0,"2":9},"b":{"0":[0],"1":[9,0]},"_coverageSchema":"1a1c01bbd47fc00a2c39e90264f33305004495a9","hash":"cdc357b437f6a2d0719c474c0db0df63db170b51"}
,"D:\\Application\\ITDP Sinarmas Mining\\React Native\\day-3\\src\\shared\\components\\HeaderPageLabel.js": {"path":"D:\\Application\\ITDP Sinarmas Mining\\React Native\\day-3\\src\\shared\\components\\HeaderPageLabel.js","statementMap":{"0":{"start":{"line":5,"column":24},"end":{"line":14,"column":1}},"1":{"start":{"line":6,"column":18},"end":{"line":6,"column":28}},"2":{"start":{"line":7,"column":19},"end":{"line":7,"column":33}},"3":{"start":{"line":8,"column":4},"end":{"line":13,"column":5}},"4":{"start":{"line":16,"column":16},"end":{"line":26,"column":2}},"5":{"start":{"line":16,"column":27},"end":{"line":26,"column":2}}},"fnMap":{"0":{"name":"(anonymous_0)","decl":{"start":{"line":5,"column":24},"end":{"line":5,"column":25}},"loc":{"start":{"line":5,"column":53},"end":{"line":14,"column":1}},"line":5},"1":{"name":"(anonymous_1)","decl":{"start":{"line":16,"column":16},"end":{"line":16,"column":17}},"loc":{"start":{"line":16,"column":27},"end":{"line":26,"column":2}},"line":16}},"branchMap":{"0":{"loc":{"start":{"line":5,"column":26},"end":{"line":5,"column":33}},"type":"default-arg","locations":[{"start":{"line":5,"column":31},"end":{"line":5,"column":33}}],"line":5},"1":{"loc":{"start":{"line":5,"column":35},"end":{"line":5,"column":47}},"type":"default-arg","locations":[{"start":{"line":5,"column":45},"end":{"line":5,"column":47}}],"line":5},"2":{"loc":{"start":{"line":11,"column":13},"end":{"line":11,"column":56}},"type":"binary-expr","locations":[{"start":{"line":11,"column":13},"end":{"line":11,"column":22}},{"start":{"line":11,"column":26},"end":{"line":11,"column":56}}],"line":11}},"s":{"0":1,"1":1,"2":1,"3":1,"4":1,"5":1},"f":{"0":1,"1":1},"b":{"0":[0],"1":[1],"2":[1,0]},"_coverageSchema":"1a1c01bbd47fc00a2c39e90264f33305004495a9","hash":"ce5a75db823158885e068053191babfa14b02c2a"}
,"D:\\Application\\ITDP Sinarmas Mining\\React Native\\day-3\\src\\shared\\components\\MainContainer.js": {"path":"D:\\Application\\ITDP Sinarmas Mining\\React Native\\day-3\\src\\shared\\components\\MainContainer.js","statementMap":{"0":{"start":{"line":5,"column":22},"end":{"line":14,"column":1}},"1":{"start":{"line":6,"column":4},"end":{"line":13,"column":5}},"2":{"start":{"line":16,"column":15},"end":{"line":23,"column":4}}},"fnMap":{"0":{"name":"(anonymous_0)","decl":{"start":{"line":5,"column":22},"end":{"line":5,"column":23}},"loc":{"start":{"line":5,"column":47},"end":{"line":14,"column":1}},"line":5}},"branchMap":{"0":{"loc":{"start":{"line":5,"column":24},"end":{"line":5,"column":31}},"type":"default-arg","locations":[{"start":{"line":5,"column":29},"end":{"line":5,"column":31}}],"line":5}},"s":{"0":4,"1":11,"2":4},"f":{"0":11},"b":{"0":[10]},"_coverageSchema":"1a1c01bbd47fc00a2c39e90264f33305004495a9","hash":"6a23a4cbc7ea3de954362c0e7bee4bc52cc0aeab"}
,"D:\\Application\\ITDP Sinarmas Mining\\React Native\\day-3\\src\\shared\\components\\SnackBar.js": {"path":"D:\\Application\\ITDP Sinarmas Mining\\React Native\\day-3\\src\\shared\\components\\SnackBar.js","statementMap":{"0":{"start":{"line":4,"column":17},"end":{"line":12,"column":1}},"1":{"start":{"line":5,"column":18},"end":{"line":5,"column":28}},"2":{"start":{"line":6,"column":19},"end":{"line":6,"column":33}},"3":{"start":{"line":7,"column":4},"end":{"line":11,"column":5}},"4":{"start":{"line":14,"column":16},"end":{"line":25,"column":2}},"5":{"start":{"line":14,"column":27},"end":{"line":25,"column":2}}},"fnMap":{"0":{"name":"(anonymous_0)","decl":{"start":{"line":4,"column":17},"end":{"line":4,"column":18}},"loc":{"start":{"line":4,"column":32},"end":{"line":12,"column":1}},"line":4},"1":{"name":"(anonymous_1)","decl":{"start":{"line":14,"column":16},"end":{"line":14,"column":17}},"loc":{"start":{"line":14,"column":27},"end":{"line":25,"column":2}},"line":14}},"branchMap":{},"s":{"0":2,"1":2,"2":2,"3":2,"4":2,"5":2},"f":{"0":2,"1":2},"b":{},"_coverageSchema":"1a1c01bbd47fc00a2c39e90264f33305004495a9","hash":"ee9b693d852627c0ea2f31e42c1c0efc23c4c6a3"}
,"D:\\Application\\ITDP Sinarmas Mining\\React Native\\day-3\\src\\shared\\components\\Spinner.js": {"path":"D:\\Application\\ITDP Sinarmas Mining\\React Native\\day-3\\src\\shared\\components\\Spinner.js","statementMap":{"0":{"start":{"line":5,"column":16},"end":{"line":18,"column":1}},"1":{"start":{"line":6,"column":18},"end":{"line":6,"column":28}},"2":{"start":{"line":7,"column":19},"end":{"line":7,"column":33}},"3":{"start":{"line":8,"column":4},"end":{"line":17,"column":5}},"4":{"start":{"line":20,"column":16},"end":{"line":38,"column":2}},"5":{"start":{"line":20,"column":27},"end":{"line":38,"column":2}}},"fnMap":{"0":{"name":"(anonymous_0)","decl":{"start":{"line":5,"column":16},"end":{"line":5,"column":17}},"loc":{"start":{"line":5,"column":44},"end":{"line":18,"column":1}},"line":5},"1":{"name":"(anonymous_1)","decl":{"start":{"line":20,"column":16},"end":{"line":20,"column":17}},"loc":{"start":{"line":20,"column":27},"end":{"line":38,"column":2}},"line":20}},"branchMap":{"0":{"loc":{"start":{"line":5,"column":18},"end":{"line":5,"column":38}},"type":"default-arg","locations":[{"start":{"line":5,"column":25},"end":{"line":5,"column":38}}],"line":5}},"s":{"0":2,"1":2,"2":2,"3":2,"4":2,"5":2},"f":{"0":2,"1":2},"b":{"0":[0]},"_coverageSchema":"1a1c01bbd47fc00a2c39e90264f33305004495a9","hash":"116cec1b5430dd4e6a369a7d95963b509e84c2f9"}
,"D:\\Application\\ITDP Sinarmas Mining\\React Native\\day-3\\src\\shared\\components\\TitleLabel.js": {"path":"D:\\Application\\ITDP Sinarmas Mining\\React Native\\day-3\\src\\shared\\components\\TitleLabel.js","statementMap":{"0":{"start":{"line":5,"column":19},"end":{"line":12,"column":1}},"1":{"start":{"line":6,"column":18},"end":{"line":6,"column":28}},"2":{"start":{"line":7,"column":4},"end":{"line":11,"column":5}}},"fnMap":{"0":{"name":"(anonymous_0)","decl":{"start":{"line":5,"column":19},"end":{"line":5,"column":20}},"loc":{"start":{"line":5,"column":49},"end":{"line":12,"column":1}},"line":5}},"branchMap":{"0":{"loc":{"start":{"line":5,"column":27},"end":{"line":5,"column":43}},"type":"default-arg","locations":[{"start":{"line":5,"column":38},"end":{"line":5,"column":43}}],"line":5},"1":{"loc":{"start":{"line":9,"column":13},"end":{"line":9,"column":118}},"type":"cond-expr","locations":[{"start":{"line":9,"column":24},"end":{"line":9,"column":71}},{"start":{"line":9,"column":74},"end":{"line":9,"column":118}}],"line":9}},"s":{"0":1,"1":2,"2":2},"f":{"0":2},"b":{"0":[1],"1":[1,1]},"_coverageSchema":"1a1c01bbd47fc00a2c39e90264f33305004495a9","hash":"f3ef0fd86a16cb193e64278aedb456a3d1313b46"}
,"D:\\Application\\ITDP Sinarmas Mining\\React Native\\day-3\\src\\shared\\context\\DependencyContext.js": {"path":"D:\\Application\\ITDP Sinarmas Mining\\React Native\\day-3\\src\\shared\\context\\DependencyContext.js","statementMap":{"0":{"start":{"line":3,"column":33},"end":{"line":3,"column":50}},"1":{"start":{"line":5,"column":4},"end":{"line":9,"column":5}}},"fnMap":{"0":{"name":"DependencyProvider","decl":{"start":{"line":4,"column":16},"end":{"line":4,"column":34}},"loc":{"start":{"line":4,"column":57},"end":{"line":10,"column":1}},"line":4}},"branchMap":{},"s":{"0":1,"1":0},"f":{"0":0},"b":{},"_coverageSchema":"1a1c01bbd47fc00a2c39e90264f33305004495a9","hash":"e34f60a18ac5b32ff37003fd98c0fad678864119"}
,"D:\\Application\\ITDP Sinarmas Mining\\React Native\\day-3\\src\\shared\\context\\ThemeContext.js": {"path":"D:\\Application\\ITDP Sinarmas Mining\\React Native\\day-3\\src\\shared\\context\\ThemeContext.js","statementMap":{"0":{"start":{"line":4,"column":21},"end":{"line":4,"column":38}},"1":{"start":{"line":5,"column":29},"end":{"line":11,"column":1}},"2":{"start":{"line":6,"column":4},"end":{"line":10,"column":5}},"3":{"start":{"line":13,"column":24},"end":{"line":15,"column":1}},"4":{"start":{"line":14,"column":4},"end":{"line":14,"column":35}}},"fnMap":{"0":{"name":"(anonymous_0)","decl":{"start":{"line":5,"column":29},"end":{"line":5,"column":30}},"loc":{"start":{"line":5,"column":45},"end":{"line":11,"column":1}},"line":5},"1":{"name":"(anonymous_1)","decl":{"start":{"line":13,"column":24},"end":{"line":13,"column":25}},"loc":{"start":{"line":13,"column":30},"end":{"line":15,"column":1}},"line":13}},"branchMap":{},"s":{"0":4,"1":4,"2":7,"3":4,"4":40},"f":{"0":7,"1":40},"b":{},"_coverageSchema":"1a1c01bbd47fc00a2c39e90264f33305004495a9","hash":"9d4932e98df02b8bede29c2cdb9dfd36ce505dd3"}
,"D:\\Application\\ITDP Sinarmas Mining\\React Native\\day-3\\src\\shared\\hook\\UseDependency.js": {"path":"D:\\Application\\ITDP Sinarmas Mining\\React Native\\day-3\\src\\shared\\hook\\UseDependency.js","statementMap":{"0":{"start":{"line":5,"column":4},"end":{"line":5,"column":41}}},"fnMap":{"0":{"name":"useDeps","decl":{"start":{"line":4,"column":16},"end":{"line":4,"column":23}},"loc":{"start":{"line":4,"column":25},"end":{"line":6,"column":1}},"line":4}},"branchMap":{},"s":{"0":0},"f":{"0":0},"b":{},"_coverageSchema":"1a1c01bbd47fc00a2c39e90264f33305004495a9","hash":"f0da1e5d6b42548936e3f9a30286f18bc451583d"}
,"D:\\Application\\ITDP Sinarmas Mining\\React Native\\day-3\\src\\shared\\hook\\UseViewState.js": {"path":"D:\\Application\\ITDP Sinarmas Mining\\React Native\\day-3\\src\\shared\\hook\\UseViewState.js","statementMap":{"0":{"start":{"line":3,"column":21},"end":{"line":30,"column":1}},"1":{"start":{"line":4,"column":38},"end":{"line":4,"column":91}},"2":{"start":{"line":6,"column":23},"end":{"line":10,"column":5}},"3":{"start":{"line":7,"column":8},"end":{"line":9,"column":10}},"4":{"start":{"line":8,"column":12},"end":{"line":8,"column":116}},"5":{"start":{"line":12,"column":20},"end":{"line":16,"column":5}},"6":{"start":{"line":13,"column":8},"end":{"line":15,"column":10}},"7":{"start":{"line":14,"column":12},"end":{"line":14,"column":87}},"8":{"start":{"line":18,"column":21},"end":{"line":22,"column":5}},"9":{"start":{"line":19,"column":8},"end":{"line":21,"column":10}},"10":{"start":{"line":20,"column":12},"end":{"line":20,"column":88}},"11":{"start":{"line":24,"column":4},"end":{"line":29,"column":5}}},"fnMap":{"0":{"name":"(anonymous_0)","decl":{"start":{"line":3,"column":21},"end":{"line":3,"column":22}},"loc":{"start":{"line":3,"column":27},"end":{"line":30,"column":1}},"line":3},"1":{"name":"(anonymous_1)","decl":{"start":{"line":6,"column":23},"end":{"line":6,"column":24}},"loc":{"start":{"line":6,"column":55},"end":{"line":10,"column":5}},"line":6},"2":{"name":"(anonymous_2)","decl":{"start":{"line":7,"column":21},"end":{"line":7,"column":22}},"loc":{"start":{"line":7,"column":32},"end":{"line":9,"column":9}},"line":7},"3":{"name":"(anonymous_3)","decl":{"start":{"line":12,"column":20},"end":{"line":12,"column":21}},"loc":{"start":{"line":12,"column":42},"end":{"line":16,"column":5}},"line":12},"4":{"name":"(anonymous_4)","decl":{"start":{"line":13,"column":21},"end":{"line":13,"column":22}},"loc":{"start":{"line":13,"column":32},"end":{"line":15,"column":9}},"line":13},"5":{"name":"(anonymous_5)","decl":{"start":{"line":18,"column":21},"end":{"line":18,"column":22}},"loc":{"start":{"line":18,"column":44},"end":{"line":22,"column":5}},"line":18},"6":{"name":"(anonymous_6)","decl":{"start":{"line":19,"column":21},"end":{"line":19,"column":22}},"loc":{"start":{"line":19,"column":32},"end":{"line":21,"column":9}},"line":19}},"branchMap":{"0":{"loc":{"start":{"line":6,"column":24},"end":{"line":6,"column":38}},"type":"default-arg","locations":[{"start":{"line":6,"column":34},"end":{"line":6,"column":38}}],"line":6},"1":{"loc":{"start":{"line":6,"column":40},"end":{"line":6,"column":50}},"type":"default-arg","locations":[{"start":{"line":6,"column":46},"end":{"line":6,"column":50}}],"line":6},"2":{"loc":{"start":{"line":8,"column":48},"end":{"line":8,"column":77}},"type":"cond-expr","locations":[{"start":{"line":8,"column":56},"end":{"line":8,"column":60}},{"start":{"line":8,"column":63},"end":{"line":8,"column":77}}],"line":8},"3":{"loc":{"start":{"line":8,"column":86},"end":{"line":8,"column":115}},"type":"cond-expr","locations":[{"start":{"line":8,"column":94},"end":{"line":8,"column":98}},{"start":{"line":8,"column":100},"end":{"line":8,"column":115}}],"line":8},"4":{"loc":{"start":{"line":12,"column":27},"end":{"line":12,"column":37}},"type":"default-arg","locations":[{"start":{"line":12,"column":33},"end":{"line":12,"column":37}}],"line":12},"5":{"loc":{"start":{"line":14,"column":57},"end":{"line":14,"column":86}},"type":"cond-expr","locations":[{"start":{"line":14,"column":65},"end":{"line":14,"column":69}},{"start":{"line":14,"column":71},"end":{"line":14,"column":86}}],"line":14},"6":{"loc":{"start":{"line":18,"column":29},"end":{"line":18,"column":39}},"type":"default-arg","locations":[{"start":{"line":18,"column":35},"end":{"line":18,"column":39}}],"line":18},"7":{"loc":{"start":{"line":20,"column":44},"end":{"line":20,"column":73}},"type":"cond-expr","locations":[{"start":{"line":20,"column":52},"end":{"line":20,"column":56}},{"start":{"line":20,"column":59},"end":{"line":20,"column":73}}],"line":20}},"s":{"0":1,"1":6,"2":6,"3":2,"4":2,"5":6,"6":0,"7":0,"8":6,"9":1,"10":1,"11":6},"f":{"0":6,"1":2,"2":2,"3":0,"4":0,"5":1,"6":1},"b":{"0":[2],"1":[2],"2":[2,0],"3":[2,0],"4":[0],"5":[0,0],"6":[1],"7":[1,0]},"_coverageSchema":"1a1c01bbd47fc00a2c39e90264f33305004495a9","hash":"60ee7a7d7afeac2d5ae46b88a1d133a116b80fef"}
,"D:\\Application\\ITDP Sinarmas Mining\\React Native\\day-3\\src\\shared\\hook\\constant.js": {"path":"D:\\Application\\ITDP Sinarmas Mining\\React Native\\day-3\\src\\shared\\hook\\constant.js","statementMap":{"0":{"start":{"line":1,"column":21},"end":{"line":8,"column":1}},"1":{"start":{"line":10,"column":23},"end":{"line":14,"column":1}},"2":{"start":{"line":16,"column":19},"end":{"line":18,"column":1}},"3":{"start":{"line":20,"column":20},"end":{"line":22,"column":1}}},"fnMap":{},"branchMap":{},"s":{"0":2,"1":2,"2":2,"3":2},"f":{},"b":{},"_coverageSchema":"1a1c01bbd47fc00a2c39e90264f33305004495a9","hash":"acaef860e5f72c24aba9920ba072baa249172d47"}
,"D:\\Application\\ITDP Sinarmas Mining\\React Native\\day-3\\src\\testHelper\\CustomRender.js": {"path":"D:\\Application\\ITDP Sinarmas Mining\\React Native\\day-3\\src\\testHelper\\CustomRender.js","statementMap":{"0":{"start":{"line":5,"column":27},"end":{"line":16,"column":1}},"1":{"start":{"line":6,"column":20},"end":{"line":14,"column":5}},"2":{"start":{"line":7,"column":8},"end":{"line":13,"column":9}},"3":{"start":{"line":15,"column":4},"end":{"line":15,"column":67}}},"fnMap":{"0":{"name":"(anonymous_0)","decl":{"start":{"line":5,"column":27},"end":{"line":5,"column":28}},"loc":{"start":{"line":5,"column":65},"end":{"line":16,"column":1}},"line":5},"1":{"name":"(anonymous_1)","decl":{"start":{"line":6,"column":20},"end":{"line":6,"column":21}},"loc":{"start":{"line":6,"column":36},"end":{"line":14,"column":5}},"line":6}},"branchMap":{"0":{"loc":{"start":{"line":5,"column":39},"end":{"line":5,"column":60}},"type":"default-arg","locations":[{"start":{"line":5,"column":58},"end":{"line":5,"column":60}}],"line":5}},"s":{"0":4,"1":7,"2":7,"3":7},"f":{"0":7,"1":7},"b":{"0":[7]},"_coverageSchema":"1a1c01bbd47fc00a2c39e90264f33305004495a9","hash":"6e0a4b9a9a52560e3e1a860ecfc63b5d4bf02849"}
}
