{"D:\\Application\\ITDP Sinarmas Mining\\React Native\\day-3\\assets\\img\\paperbg.jpg": {"path":"D:\\Application\\ITDP Sinarmas Mining\\React Native\\day-3\\assets\\img\\paperbg.jpg","statementMap":{"0":{"start":{"line":1,"column":0},"end":{"line":1,"column":19}}},"fnMap":{},"branchMap":{},"s":{"0":1},"f":{},"b":{},"_coverageSchema":"1a1c01bbd47fc00a2c39e90264f33305004495a9","hash":"77597fb0a99434a54ae2a253ad6662ff4f084089"}
,"D:\\Application\\ITDP Sinarmas Mining\\React Native\\day-3\\src\\features\\Login\\LoginPage.js": {"path":"D:\\Application\\ITDP Sinarmas Mining\\React Native\\day-3\\src\\features\\Login\\LoginPage.js","statementMap":{"0":{"start":{"line":12,"column":18},"end":{"line":39,"column":1}},"1":{"start":{"line":13,"column":96},"end":{"line":13,"column":110}},"2":{"start":{"line":15,"column":4},"end":{"line":38,"column":5}},"3":{"start":{"line":41,"column":15},"end":{"line":88,"column":4}}},"fnMap":{"0":{"name":"(anonymous_0)","decl":{"start":{"line":12,"column":18},"end":{"line":12,"column":19}},"loc":{"start":{"line":12,"column":24},"end":{"line":39,"column":1}},"line":12}},"branchMap":{"0":{"loc":{"start":{"line":17,"column":13},"end":{"line":17,"column":66}},"type":"binary-expr","locations":[{"start":{"line":17,"column":13},"end":{"line":17,"column":32}},{"start":{"line":17,"column":36},"end":{"line":17,"column":66}}],"line":17},"1":{"loc":{"start":{"line":35,"column":17},"end":{"line":35,"column":90}},"type":"binary-expr","locations":[{"start":{"line":35,"column":17},"end":{"line":35,"column":41}},{"start":{"line":35,"column":45},"end":{"line":35,"column":90}}],"line":35}},"s":{"0":1,"1":3,"2":3,"3":1},"f":{"0":3},"b":{"0":[3,1],"1":[3,1]},"_coverageSchema":"1a1c01bbd47fc00a2c39e90264f33305004495a9","hash":"1577e22bf12487165130f5b1db8259be52f4a913"}
,"D:\\Application\\ITDP Sinarmas Mining\\React Native\\day-3\\src\\shared\\Theme.js": {"path":"D:\\Application\\ITDP Sinarmas Mining\\React Native\\day-3\\src\\shared\\Theme.js","statementMap":{"0":{"start":{"line":1,"column":16},"end":{"line":6,"column":1}},"1":{"start":{"line":8,"column":21},"end":{"line":48,"column":1}}},"fnMap":{},"branchMap":{},"s":{"0":1,"1":1},"f":{},"b":{},"_coverageSchema":"1a1c01bbd47fc00a2c39e90264f33305004495a9","hash":"33c68fd552b1513ec34ef2da722770eca78ad128"}
,"D:\\Application\\ITDP Sinarmas Mining\\React Native\\day-3\\src\\shared\\components\\FormButton.js": {"path":"D:\\Application\\ITDP Sinarmas Mining\\React Native\\day-3\\src\\shared\\components\\FormButton.js","statementMap":{"0":{"start":{"line":4,"column":19},"end":{"line":12,"column":1}},"1":{"start":{"line":5,"column":18},"end":{"line":5,"column":28}},"2":{"start":{"line":6,"column":18},"end":{"line":6,"column":32}},"3":{"start":{"line":7,"column":4},"end":{"line":11,"column":5}},"4":{"start":{"line":14,"column":16},"end":{"line":26,"column":3}},"5":{"start":{"line":14,"column":28},"end":{"line":26,"column":2}}},"fnMap":{"0":{"name":"(anonymous_0)","decl":{"start":{"line":4,"column":19},"end":{"line":4,"column":20}},"loc":{"start":{"line":4,"column":41},"end":{"line":12,"column":1}},"line":4},"1":{"name":"(anonymous_1)","decl":{"start":{"line":14,"column":16},"end":{"line":14,"column":17}},"loc":{"start":{"line":14,"column":28},"end":{"line":26,"column":2}},"line":14}},"branchMap":{},"s":{"0":1,"1":3,"2":3,"3":3,"4":1,"5":3},"f":{"0":3,"1":3},"b":{},"_coverageSchema":"1a1c01bbd47fc00a2c39e90264f33305004495a9","hash":"7cc246419370f6b2ad25b6e2b51d3633d7a45caf"}
,"D:\\Application\\ITDP Sinarmas Mining\\React Native\\day-3\\src\\shared\\components\\FormInput.js": {"path":"D:\\Application\\ITDP Sinarmas Mining\\React Native\\day-3\\src\\shared\\components\\FormInput.js","statementMap":{"0":{"start":{"line":4,"column":18},"end":{"line":15,"column":1}},"1":{"start":{"line":5,"column":18},"end":{"line":5,"column":28}},"2":{"start":{"line":6,"column":18},"end":{"line":6,"column":32}},"3":{"start":{"line":7,"column":4},"end":{"line":14,"column":5}},"4":{"start":{"line":17,"column":16},"end":{"line":29,"column":3}},"5":{"start":{"line":17,"column":28},"end":{"line":29,"column":2}}},"fnMap":{"0":{"name":"(anonymous_0)","decl":{"start":{"line":4,"column":18},"end":{"line":4,"column":19}},"loc":{"start":{"line":4,"column":86},"end":{"line":15,"column":1}},"line":4},"1":{"name":"(anonymous_1)","decl":{"start":{"line":17,"column":16},"end":{"line":17,"column":17}},"loc":{"start":{"line":17,"column":28},"end":{"line":29,"column":2}},"line":17}},"branchMap":{"0":{"loc":{"start":{"line":4,"column":42},"end":{"line":4,"column":58}},"type":"default-arg","locations":[{"start":{"line":4,"column":56},"end":{"line":4,"column":58}}],"line":4},"1":{"loc":{"start":{"line":4,"column":60},"end":{"line":4,"column":80}},"type":"default-arg","locations":[{"start":{"line":4,"column":71},"end":{"line":4,"column":80}}],"line":4}},"s":{"0":1,"1":3,"2":3,"3":3,"4":1,"5":3},"f":{"0":3,"1":3},"b":{"0":[0],"1":[3]},"_coverageSchema":"1a1c01bbd47fc00a2c39e90264f33305004495a9","hash":"def844dd135e8fded93a3b7ed1d53bbbf79440c6"}
,"D:\\Application\\ITDP Sinarmas Mining\\React Native\\day-3\\src\\shared\\components\\FormPassword.js": {"path":"D:\\Application\\ITDP Sinarmas Mining\\React Native\\day-3\\src\\shared\\components\\FormPassword.js","statementMap":{"0":{"start":{"line":6,"column":21},"end":{"line":24,"column":1}},"1":{"start":{"line":7,"column":18},"end":{"line":7,"column":28}},"2":{"start":{"line":8,"column":19},"end":{"line":8,"column":33}},"3":{"start":{"line":9,"column":36},"end":{"line":9,"column":50}},"4":{"start":{"line":11,"column":4},"end":{"line":23,"column":5}},"5":{"start":{"line":19,"column":38},"end":{"line":19,"column":60}},"6":{"start":{"line":26,"column":16},"end":{"line":44,"column":2}},"7":{"start":{"line":26,"column":27},"end":{"line":44,"column":2}}},"fnMap":{"0":{"name":"(anonymous_0)","decl":{"start":{"line":6,"column":21},"end":{"line":6,"column":22}},"loc":{"start":{"line":6,"column":67},"end":{"line":24,"column":1}},"line":6},"1":{"name":"(anonymous_1)","decl":{"start":{"line":19,"column":32},"end":{"line":19,"column":33}},"loc":{"start":{"line":19,"column":38},"end":{"line":19,"column":60}},"line":19},"2":{"name":"(anonymous_2)","decl":{"start":{"line":26,"column":16},"end":{"line":26,"column":17}},"loc":{"start":{"line":26,"column":27},"end":{"line":44,"column":2}},"line":26}},"branchMap":{"0":{"loc":{"start":{"line":6,"column":45},"end":{"line":6,"column":61}},"type":"default-arg","locations":[{"start":{"line":6,"column":59},"end":{"line":6,"column":61}}],"line":6},"1":{"loc":{"start":{"line":20,"column":30},"end":{"line":20,"column":64}},"type":"cond-expr","locations":[{"start":{"line":20,"column":41},"end":{"line":20,"column":56}},{"start":{"line":20,"column":59},"end":{"line":20,"column":64}}],"line":20}},"s":{"0":1,"1":3,"2":3,"3":3,"4":3,"5":0,"6":1,"7":3},"f":{"0":3,"1":0,"2":3},"b":{"0":[0],"1":[3,0]},"_coverageSchema":"1a1c01bbd47fc00a2c39e90264f33305004495a9","hash":"cdc357b437f6a2d0719c474c0db0df63db170b51"}
,"D:\\Application\\ITDP Sinarmas Mining\\React Native\\day-3\\src\\shared\\components\\MainContainer.js": {"path":"D:\\Application\\ITDP Sinarmas Mining\\React Native\\day-3\\src\\shared\\components\\MainContainer.js","statementMap":{"0":{"start":{"line":5,"column":22},"end":{"line":13,"column":1}},"1":{"start":{"line":6,"column":4},"end":{"line":12,"column":5}},"2":{"start":{"line":15,"column":15},"end":{"line":22,"column":4}}},"fnMap":{"0":{"name":"(anonymous_0)","decl":{"start":{"line":5,"column":22},"end":{"line":5,"column":23}},"loc":{"start":{"line":5,"column":38},"end":{"line":13,"column":1}},"line":5}},"branchMap":{},"s":{"0":1,"1":3,"2":1},"f":{"0":3},"b":{},"_coverageSchema":"1a1c01bbd47fc00a2c39e90264f33305004495a9","hash":"dbb10fa3cf18b8f72f4be3e4a2bc97df4e67f08f"}
,"D:\\Application\\ITDP Sinarmas Mining\\React Native\\day-3\\src\\shared\\components\\SnackBar.js": {"path":"D:\\Application\\ITDP Sinarmas Mining\\React Native\\day-3\\src\\shared\\components\\SnackBar.js","statementMap":{"0":{"start":{"line":4,"column":17},"end":{"line":12,"column":1}},"1":{"start":{"line":5,"column":18},"end":{"line":5,"column":28}},"2":{"start":{"line":6,"column":19},"end":{"line":6,"column":33}},"3":{"start":{"line":7,"column":4},"end":{"line":11,"column":5}},"4":{"start":{"line":14,"column":16},"end":{"line":25,"column":2}},"5":{"start":{"line":14,"column":27},"end":{"line":25,"column":2}}},"fnMap":{"0":{"name":"(anonymous_0)","decl":{"start":{"line":4,"column":17},"end":{"line":4,"column":18}},"loc":{"start":{"line":4,"column":32},"end":{"line":12,"column":1}},"line":4},"1":{"name":"(anonymous_1)","decl":{"start":{"line":14,"column":16},"end":{"line":14,"column":17}},"loc":{"start":{"line":14,"column":27},"end":{"line":25,"column":2}},"line":14}},"branchMap":{},"s":{"0":1,"1":1,"2":1,"3":1,"4":1,"5":1},"f":{"0":1,"1":1},"b":{},"_coverageSchema":"1a1c01bbd47fc00a2c39e90264f33305004495a9","hash":"ee9b693d852627c0ea2f31e42c1c0efc23c4c6a3"}
,"D:\\Application\\ITDP Sinarmas Mining\\React Native\\day-3\\src\\shared\\components\\Spinner.js": {"path":"D:\\Application\\ITDP Sinarmas Mining\\React Native\\day-3\\src\\shared\\components\\Spinner.js","statementMap":{"0":{"start":{"line":5,"column":16},"end":{"line":18,"column":1}},"1":{"start":{"line":6,"column":18},"end":{"line":6,"column":28}},"2":{"start":{"line":7,"column":19},"end":{"line":7,"column":33}},"3":{"start":{"line":8,"column":4},"end":{"line":17,"column":5}},"4":{"start":{"line":20,"column":16},"end":{"line":38,"column":2}},"5":{"start":{"line":20,"column":27},"end":{"line":38,"column":2}}},"fnMap":{"0":{"name":"(anonymous_0)","decl":{"start":{"line":5,"column":16},"end":{"line":5,"column":17}},"loc":{"start":{"line":5,"column":44},"end":{"line":18,"column":1}},"line":5},"1":{"name":"(anonymous_1)","decl":{"start":{"line":20,"column":16},"end":{"line":20,"column":17}},"loc":{"start":{"line":20,"column":27},"end":{"line":38,"column":2}},"line":20}},"branchMap":{"0":{"loc":{"start":{"line":5,"column":18},"end":{"line":5,"column":38}},"type":"default-arg","locations":[{"start":{"line":5,"column":25},"end":{"line":5,"column":38}}],"line":5}},"s":{"0":1,"1":1,"2":1,"3":1,"4":1,"5":1},"f":{"0":1,"1":1},"b":{"0":[0]},"_coverageSchema":"1a1c01bbd47fc00a2c39e90264f33305004495a9","hash":"116cec1b5430dd4e6a369a7d95963b509e84c2f9"}
,"D:\\Application\\ITDP Sinarmas Mining\\React Native\\day-3\\src\\shared\\context\\ThemeContext.js": {"path":"D:\\Application\\ITDP Sinarmas Mining\\React Native\\day-3\\src\\shared\\context\\ThemeContext.js","statementMap":{"0":{"start":{"line":4,"column":21},"end":{"line":4,"column":38}},"1":{"start":{"line":5,"column":29},"end":{"line":11,"column":1}},"2":{"start":{"line":6,"column":4},"end":{"line":10,"column":5}},"3":{"start":{"line":13,"column":24},"end":{"line":15,"column":1}},"4":{"start":{"line":14,"column":4},"end":{"line":14,"column":35}}},"fnMap":{"0":{"name":"(anonymous_0)","decl":{"start":{"line":5,"column":29},"end":{"line":5,"column":30}},"loc":{"start":{"line":5,"column":45},"end":{"line":11,"column":1}},"line":5},"1":{"name":"(anonymous_1)","decl":{"start":{"line":13,"column":24},"end":{"line":13,"column":25}},"loc":{"start":{"line":13,"column":30},"end":{"line":15,"column":1}},"line":13}},"branchMap":{},"s":{"0":1,"1":1,"2":3,"3":1,"4":11},"f":{"0":3,"1":11},"b":{},"_coverageSchema":"1a1c01bbd47fc00a2c39e90264f33305004495a9","hash":"9d4932e98df02b8bede29c2cdb9dfd36ce505dd3"}
,"D:\\Application\\ITDP Sinarmas Mining\\React Native\\day-3\\src\\testHelper\\CustomRender.js": {"path":"D:\\Application\\ITDP Sinarmas Mining\\React Native\\day-3\\src\\testHelper\\CustomRender.js","statementMap":{"0":{"start":{"line":5,"column":27},"end":{"line":16,"column":1}},"1":{"start":{"line":6,"column":20},"end":{"line":14,"column":5}},"2":{"start":{"line":7,"column":8},"end":{"line":13,"column":9}},"3":{"start":{"line":15,"column":4},"end":{"line":15,"column":67}}},"fnMap":{"0":{"name":"(anonymous_0)","decl":{"start":{"line":5,"column":27},"end":{"line":5,"column":28}},"loc":{"start":{"line":5,"column":65},"end":{"line":16,"column":1}},"line":5},"1":{"name":"(anonymous_1)","decl":{"start":{"line":6,"column":20},"end":{"line":6,"column":21}},"loc":{"start":{"line":6,"column":36},"end":{"line":14,"column":5}},"line":6}},"branchMap":{"0":{"loc":{"start":{"line":5,"column":39},"end":{"line":5,"column":60}},"type":"default-arg","locations":[{"start":{"line":5,"column":58},"end":{"line":5,"column":60}}],"line":5}},"s":{"0":1,"1":3,"2":3,"3":3},"f":{"0":3,"1":3},"b":{"0":[3]},"_coverageSchema":"1a1c01bbd47fc00a2c39e90264f33305004495a9","hash":"6e0a4b9a9a52560e3e1a860ecfc63b5d4bf02849"}
}
