TN:
SF:assets\img\paperbg.jpg
FNF:0
FNH:0
DA:1,1
LF:1
LH:1
BRF:0
BRH:0
end_of_record
TN:
SF:src\features\Login\LoginPage.js
FN:12,(anonymous_0)
FNF:1
FNH:1
FNDA:3,(anonymous_0)
DA:12,1
DA:13,3
DA:15,3
DA:41,1
LF:4
LH:4
BRDA:17,0,0,3
BRDA:17,0,1,1
BRDA:35,1,0,3
BRDA:35,1,1,1
BRF:4
BRH:4
end_of_record
TN:
SF:src\shared\Theme.js
FNF:0
FNH:0
DA:1,1
DA:8,1
LF:2
LH:2
BRF:0
BRH:0
end_of_record
TN:
SF:src\shared\components\FormButton.js
FN:4,(anonymous_0)
FN:14,(anonymous_1)
FNF:2
FNH:2
FNDA:3,(anonymous_0)
FNDA:3,(anonymous_1)
DA:4,1
DA:5,3
DA:6,3
DA:7,3
DA:14,3
LF:5
LH:5
BRF:0
BRH:0
end_of_record
TN:
SF:src\shared\components\FormInput.js
FN:4,(anonymous_0)
FN:17,(anonymous_1)
FNF:2
FNH:2
FNDA:3,(anonymous_0)
FNDA:3,(anonymous_1)
DA:4,1
DA:5,3
DA:6,3
DA:7,3
DA:17,3
LF:5
LH:5
BRDA:4,0,0,0
BRDA:4,1,0,3
BRF:2
BRH:1
end_of_record
TN:
SF:src\shared\components\FormPassword.js
FN:6,(anonymous_0)
FN:19,(anonymous_1)
FN:26,(anonymous_2)
FNF:3
FNH:2
FNDA:3,(anonymous_0)
FNDA:0,(anonymous_1)
FNDA:3,(anonymous_2)
DA:6,1
DA:7,3
DA:8,3
DA:9,3
DA:11,3
DA:19,0
DA:26,3
LF:7
LH:6
BRDA:6,0,0,0
BRDA:20,1,0,3
BRDA:20,1,1,0
BRF:3
BRH:1
end_of_record
TN:
SF:src\shared\components\MainContainer.js
FN:5,(anonymous_0)
FNF:1
FNH:1
FNDA:3,(anonymous_0)
DA:5,1
DA:6,3
DA:15,1
LF:3
LH:3
BRF:0
BRH:0
end_of_record
TN:
SF:src\shared\components\SnackBar.js
FN:4,(anonymous_0)
FN:14,(anonymous_1)
FNF:2
FNH:2
FNDA:1,(anonymous_0)
FNDA:1,(anonymous_1)
DA:4,1
DA:5,1
DA:6,1
DA:7,1
DA:14,1
LF:5
LH:5
BRF:0
BRH:0
end_of_record
TN:
SF:src\shared\components\Spinner.js
FN:5,(anonymous_0)
FN:20,(anonymous_1)
FNF:2
FNH:2
FNDA:1,(anonymous_0)
FNDA:1,(anonymous_1)
DA:5,1
DA:6,1
DA:7,1
DA:8,1
DA:20,1
LF:5
LH:5
BRDA:5,0,0,0
BRF:1
BRH:0
end_of_record
TN:
SF:src\shared\context\ThemeContext.js
FN:5,(anonymous_0)
FN:13,(anonymous_1)
FNF:2
FNH:2
FNDA:3,(anonymous_0)
FNDA:11,(anonymous_1)
DA:4,1
DA:5,1
DA:6,3
DA:13,1
DA:14,11
LF:5
LH:5
BRF:0
BRH:0
end_of_record
TN:
SF:src\testHelper\CustomRender.js
FN:5,(anonymous_0)
FN:6,(anonymous_1)
FNF:2
FNH:2
FNDA:3,(anonymous_0)
FNDA:3,(anonymous_1)
DA:5,1
DA:6,3
DA:7,3
DA:15,3
LF:4
LH:4
BRDA:5,0,0,3
BRF:1
BRH:1
end_of_record
