TN:
SF:assets\img\paperbg.jpg
FNF:0
FNH:0
DA:1,4
LF:1
LH:1
BRF:0
BRH:0
end_of_record
TN:
SF:src\features\Login\LoginPage.js
FN:12,(anonymous_0)
FNF:1
FNH:1
FNDA:9,(anonymous_0)
DA:12,2
DA:13,9
DA:15,9
DA:41,2
LF:4
LH:4
BRDA:17,0,0,9
BRDA:17,0,1,2
BRDA:35,1,0,9
BRDA:35,1,1,2
BRF:4
BRH:4
end_of_record
TN:
SF:src\features\Login\UseLoginPage.js
FN:8,(anonymous_0)
FN:15,(anonymous_1)
FNF:2
FNH:2
FNDA:6,(anonymous_0)
FNDA:2,(anonymous_1)
DA:8,1
DA:9,6
DA:10,6
DA:11,6
DA:12,6
DA:13,6
DA:15,6
DA:16,2
DA:17,2
DA:18,2
DA:19,2
DA:20,1
DA:22,1
DA:24,1
DA:25,1
DA:27,0
DA:31,1
DA:34,6
LF:18
LH:17
BRDA:19,0,0,1
BRDA:19,0,1,1
BRDA:19,1,0,2
BRDA:19,1,1,1
BRDA:24,2,0,1
BRDA:24,2,1,0
BRF:6
BRH:5
end_of_record
TN:
SF:src\features\Welcome\WelcomePage.js
FN:12,(anonymous_0)
FN:29,(anonymous_1)
FNF:2
FNH:1
FNDA:1,(anonymous_0)
FNDA:0,(anonymous_1)
DA:12,1
DA:13,1
DA:14,1
DA:29,0
DA:35,1
LF:5
LH:4
BRF:0
BRH:0
end_of_record
TN:
SF:src\features\product\ProductList.js
FN:11,(anonymous_0)
FN:17,(anonymous_1)
FN:18,(anonymous_2)
FN:19,(anonymous_3)
FN:23,(anonymous_4)
FN:27,(anonymous_5)
FN:42,(anonymous_6)
FNF:7
FNH:4
FNDA:1,(anonymous_0)
FNDA:2,(anonymous_1)
FNDA:0,(anonymous_2)
FNDA:0,(anonymous_3)
FNDA:4,(anonymous_4)
FNDA:0,(anonymous_5)
FNDA:2,(anonymous_6)
DA:11,1
DA:12,1
DA:14,1
DA:15,1
DA:17,1
DA:18,2
DA:19,0
DA:23,1
DA:24,4
DA:27,1
DA:28,0
DA:29,0
DA:31,0
DA:34,1
DA:42,2
LF:15
LH:11
BRDA:28,0,0,0
BRDA:28,0,1,0
BRDA:28,1,0,0
BRDA:28,1,1,0
BRF:4
BRH:0
end_of_record
TN:
SF:src\features\product\components\ProductItem.js
FN:7,(anonymous_0)
FN:10,(anonymous_1)
FN:27,(anonymous_2)
FN:35,(anonymous_3)
FNF:4
FNH:4
FNDA:2,(anonymous_0)
FNDA:2,(anonymous_1)
FNDA:4,(anonymous_2)
FNDA:2,(anonymous_3)
DA:7,1
DA:8,2
DA:9,2
DA:10,2
DA:11,2
DA:15,2
DA:23,2
DA:27,4
DA:35,2
LF:9
LH:9
BRF:0
BRH:0
end_of_record
TN:
SF:src\shared\Theme.js
FNF:0
FNH:0
DA:1,4
DA:8,4
LF:2
LH:2
BRF:0
BRH:0
end_of_record
TN:
SF:src\shared\components\AppBackground.js
FN:5,(anonymous_0)
FNF:1
FNH:1
FNDA:2,(anonymous_0)
DA:5,2
DA:6,2
DA:8,2
DA:15,2
LF:4
LH:4
BRF:0
BRH:0
end_of_record
TN:
SF:src\shared\components\Avatar.js
FN:5,(anonymous_0)
FN:13,(anonymous_1)
FNF:2
FNH:0
FNDA:0,(anonymous_0)
FNDA:0,(anonymous_1)
DA:5,1
DA:6,0
DA:7,0
DA:8,0
DA:13,1
LF:5
LH:2
BRDA:5,0,0,0
BRF:1
BRH:0
end_of_record
TN:
SF:src\shared\components\FormButton.js
FN:4,(anonymous_0)
FN:14,(anonymous_1)
FNF:2
FNH:2
FNDA:10,(anonymous_0)
FNDA:10,(anonymous_1)
DA:4,3
DA:5,10
DA:6,10
DA:7,10
DA:14,10
LF:5
LH:5
BRF:0
BRH:0
end_of_record
TN:
SF:src\shared\components\FormInput.js
FN:4,(anonymous_0)
FN:17,(anonymous_1)
FNF:2
FNH:2
FNDA:9,(anonymous_0)
FNDA:9,(anonymous_1)
DA:4,2
DA:5,9
DA:6,9
DA:7,9
DA:17,9
LF:5
LH:5
BRDA:4,0,0,0
BRDA:4,1,0,9
BRF:2
BRH:1
end_of_record
TN:
SF:src\shared\components\FormPassword.js
FN:6,(anonymous_0)
FN:19,(anonymous_1)
FN:26,(anonymous_2)
FNF:3
FNH:2
FNDA:9,(anonymous_0)
FNDA:0,(anonymous_1)
FNDA:9,(anonymous_2)
DA:6,2
DA:7,9
DA:8,9
DA:9,9
DA:11,9
DA:19,0
DA:26,9
LF:7
LH:6
BRDA:6,0,0,0
BRDA:20,1,0,9
BRDA:20,1,1,0
BRF:3
BRH:1
end_of_record
TN:
SF:src\shared\components\HeaderPageLabel.js
FN:5,(anonymous_0)
FN:16,(anonymous_1)
FNF:2
FNH:2
FNDA:1,(anonymous_0)
FNDA:1,(anonymous_1)
DA:5,1
DA:6,1
DA:7,1
DA:8,1
DA:16,1
LF:5
LH:5
BRDA:5,0,0,0
BRDA:5,1,0,1
BRDA:11,2,0,1
BRDA:11,2,1,0
BRF:4
BRH:2
end_of_record
TN:
SF:src\shared\components\MainContainer.js
FN:5,(anonymous_0)
FNF:1
FNH:1
FNDA:11,(anonymous_0)
DA:5,4
DA:6,11
DA:16,4
LF:3
LH:3
BRDA:5,0,0,10
BRF:1
BRH:1
end_of_record
TN:
SF:src\shared\components\SnackBar.js
FN:4,(anonymous_0)
FN:14,(anonymous_1)
FNF:2
FNH:2
FNDA:2,(anonymous_0)
FNDA:2,(anonymous_1)
DA:4,2
DA:5,2
DA:6,2
DA:7,2
DA:14,2
LF:5
LH:5
BRF:0
BRH:0
end_of_record
TN:
SF:src\shared\components\Spinner.js
FN:5,(anonymous_0)
FN:20,(anonymous_1)
FNF:2
FNH:2
FNDA:2,(anonymous_0)
FNDA:2,(anonymous_1)
DA:5,2
DA:6,2
DA:7,2
DA:8,2
DA:20,2
LF:5
LH:5
BRDA:5,0,0,0
BRF:1
BRH:0
end_of_record
TN:
SF:src\shared\components\TitleLabel.js
FN:5,(anonymous_0)
FNF:1
FNH:1
FNDA:2,(anonymous_0)
DA:5,1
DA:6,2
DA:7,2
LF:3
LH:3
BRDA:5,0,0,1
BRDA:9,1,0,1
BRDA:9,1,1,1
BRF:3
BRH:3
end_of_record
TN:
SF:src\shared\context\DependencyContext.js
FN:4,DependencyProvider
FNF:1
FNH:0
FNDA:0,DependencyProvider
DA:3,1
DA:5,0
LF:2
LH:1
BRF:0
BRH:0
end_of_record
TN:
SF:src\shared\context\ThemeContext.js
FN:5,(anonymous_0)
FN:13,(anonymous_1)
FNF:2
FNH:2
FNDA:7,(anonymous_0)
FNDA:40,(anonymous_1)
DA:4,4
DA:5,4
DA:6,7
DA:13,4
DA:14,40
LF:5
LH:5
BRF:0
BRH:0
end_of_record
TN:
SF:src\shared\hook\UseDependency.js
FN:4,useDeps
FNF:1
FNH:0
FNDA:0,useDeps
DA:5,0
LF:1
LH:0
BRF:0
BRH:0
end_of_record
TN:
SF:src\shared\hook\UseViewState.js
FN:3,(anonymous_0)
FN:6,(anonymous_1)
FN:7,(anonymous_2)
FN:12,(anonymous_3)
FN:13,(anonymous_4)
FN:18,(anonymous_5)
FN:19,(anonymous_6)
FNF:7
FNH:5
FNDA:6,(anonymous_0)
FNDA:2,(anonymous_1)
FNDA:2,(anonymous_2)
FNDA:0,(anonymous_3)
FNDA:0,(anonymous_4)
FNDA:1,(anonymous_5)
FNDA:1,(anonymous_6)
DA:3,1
DA:4,6
DA:6,6
DA:7,2
DA:8,2
DA:12,6
DA:13,0
DA:14,0
DA:18,6
DA:19,1
DA:20,1
DA:24,6
LF:12
LH:10
BRDA:6,0,0,2
BRDA:6,1,0,2
BRDA:8,2,0,2
BRDA:8,2,1,0
BRDA:8,3,0,2
BRDA:8,3,1,0
BRDA:12,4,0,0
BRDA:14,5,0,0
BRDA:14,5,1,0
BRDA:18,6,0,1
BRDA:20,7,0,1
BRDA:20,7,1,0
BRF:12
BRH:6
end_of_record
TN:
SF:src\shared\hook\constant.js
FNF:0
FNH:0
DA:1,2
DA:10,2
DA:16,2
DA:20,2
LF:4
LH:4
BRF:0
BRH:0
end_of_record
TN:
SF:src\testHelper\CustomRender.js
FN:5,(anonymous_0)
FN:6,(anonymous_1)
FNF:2
FNH:2
FNDA:7,(anonymous_0)
FNDA:7,(anonymous_1)
DA:5,4
DA:6,7
DA:7,7
DA:15,7
LF:4
LH:4
BRDA:5,0,0,7
BRF:1
BRH:1
end_of_record
